-------------------------------------------------------------------------------
Test set: DbConnTest
-------------------------------------------------------------------------------
Tests run: 1, Failures: 0, Errors: 1, Skipped: 0, Time elapsed: 0.008 s <<< FAILURE! - in DbConnTest
DbConnTest  Time elapsed: 0.006 s  <<< ERROR!
org.junit.platform.commons.JUnitException: @AfterAll method 'public void DbConnTest.after() throws java.sql.SQLException,java.lang.ClassNotFoundException' must be static unless the test class is annotated with @TestInstance(Lifecycle.PER_CLASS).

