-------------------------------------------------------------------------------
Test set: MyTest
-------------------------------------------------------------------------------
Tests run: 1, Failures: 1, Errors: 0, Skipped: 0, Time elapsed: 0.117 s <<< FAILURE! - in MyTest
createConnection_connectionActive  Time elapsed: 0.035 s  <<< FAILURE!
org.opentest4j.AssertionFailedError: expected: not <null>
	at MyTest.createConnection_connectionActive(MyTest.java:32)

